
*** Running vivado
    with args -log Tetris_Top.vds -m64 -product Vivado -mode batch -messageDb vivado.pb -notrace -source Tetris_Top.tcl


****** Vivado v2024.2 (64-bit)
  **** SW Build 5239630 on Fri Nov 08 22:34:34 MST 2024
  **** IP Build 5239520 on Sun Nov 10 16:12:51 MST 2024
  **** SharedData Build 5239561 on Fri Nov 08 14:39:27 MST 2024
  **** Start of session at: Tue Apr 22 10:46:31 2025
    ** Copyright 1986-2022 Xilinx, Inc. All Rights Reserved.
    ** Copyright 2022-2024 Advanced Micro Devices, Inc. All Rights Reserved.

source Tetris_Top.tcl -notrace
Command: synth_design -top Tetris_Top -part xc7a35tcpg236-1
Starting synth_design
Attempting to get a license for feature 'Synthesis' and/or device 'xc7a35t'
INFO: [Common 17-349] Got license for feature 'Synthesis' and/or device 'xc7a35t'
INFO: [Device 21-403] Loading part xc7a35tcpg236-1
INFO: [Synth 8-7079] Multithreading enabled for synth_design using a maximum of 7 processes.
INFO: [Synth 8-7078] Launching helper process for spawning children vivado processes
INFO: [Synth 8-7075] Helper process launched with PID 21831
---------------------------------------------------------------------------------
Starting RTL Elaboration : Time (s): cpu = 00:00:05 ; elapsed = 00:00:06 . Memory (MB): peak = 1890.145 ; gain = 427.832 ; free physical = 3669 ; free virtual = 11958
---------------------------------------------------------------------------------
INFO: [Synth 8-638] synthesizing module 'Tetris_Top' [/home/cax/DY_Tetris/DY_Tetris.srcs/sources_1/new/Tetris_Top.vhd:42]
INFO: [Synth 8-256] done synthesizing module 'Tetris_Top' (0#1) [/home/cax/DY_Tetris/DY_Tetris.srcs/sources_1/new/Tetris_Top.vhd:42]
WARNING: [Synth 8-3330] design Tetris_Top has an empty top module
---------------------------------------------------------------------------------
Finished RTL Elaboration : Time (s): cpu = 00:00:07 ; elapsed = 00:00:08 . Memory (MB): peak = 1962.113 ; gain = 499.801 ; free physical = 3603 ; free virtual = 11896
---------------------------------------------------------------------------------
---------------------------------------------------------------------------------
Start Handling Custom Attributes
---------------------------------------------------------------------------------
---------------------------------------------------------------------------------
Finished Handling Custom Attributes : Time (s): cpu = 00:00:07 ; elapsed = 00:00:08 . Memory (MB): peak = 1979.926 ; gain = 517.613 ; free physical = 3601 ; free virtual = 11894
---------------------------------------------------------------------------------
---------------------------------------------------------------------------------
Finished RTL Optimization Phase 1 : Time (s): cpu = 00:00:07 ; elapsed = 00:00:08 . Memory (MB): peak = 1979.926 ; gain = 517.613 ; free physical = 3601 ; free virtual = 11894
---------------------------------------------------------------------------------
Netlist sorting complete. Time (s): cpu = 00:00:00 ; elapsed = 00:00:00 . Memory (MB): peak = 1979.926 ; gain = 0.000 ; free physical = 3601 ; free virtual = 11894
INFO: [Project 1-570] Preparing netlist for logic optimization

Processing XDC Constraints
Initializing timing engine
Parsing XDC File [/home/cax/DY_Tetris/DY_Tetris.srcs/constrs_1/new/Tetris.xdc]
WARNING: [Vivado 12-584] No ports matched 'vgaRed[0]'. [/home/cax/DY_Tetris/DY_Tetris.srcs/constrs_1/new/Tetris.xdc:221]
CRITICAL WARNING: [Common 17-55] 'set_property' expects at least one object. [/home/cax/DY_Tetris/DY_Tetris.srcs/constrs_1/new/Tetris.xdc:221]
Resolution: If [get_<value>] was used to populate the object, check to make sure this command returns at least one valid object.
WARNING: [Vivado 12-584] No ports matched '(vgaRed[0]}'. [/home/cax/DY_Tetris/DY_Tetris.srcs/constrs_1/new/Tetris.xdc:222]
CRITICAL WARNING: [Common 17-55] 'set_property' expects at least one object. [/home/cax/DY_Tetris/DY_Tetris.srcs/constrs_1/new/Tetris.xdc:222]
Resolution: If [get_<value>] was used to populate the object, check to make sure this command returns at least one valid object.
WARNING: [Vivado 12-584] No ports matched 'vgaRed[1]'. [/home/cax/DY_Tetris/DY_Tetris.srcs/constrs_1/new/Tetris.xdc:223]
CRITICAL WARNING: [Common 17-55] 'set_property' expects at least one object. [/home/cax/DY_Tetris/DY_Tetris.srcs/constrs_1/new/Tetris.xdc:223]
Resolution: If [get_<value>] was used to populate the object, check to make sure this command returns at least one valid object.
WARNING: [Vivado 12-584] No ports matched 'vgaRed[1]'. [/home/cax/DY_Tetris/DY_Tetris.srcs/constrs_1/new/Tetris.xdc:224]
CRITICAL WARNING: [Common 17-55] 'set_property' expects at least one object. [/home/cax/DY_Tetris/DY_Tetris.srcs/constrs_1/new/Tetris.xdc:224]
Resolution: If [get_<value>] was used to populate the object, check to make sure this command returns at least one valid object.
WARNING: [Vivado 12-584] No ports matched 'vgaRed[2]'. [/home/cax/DY_Tetris/DY_Tetris.srcs/constrs_1/new/Tetris.xdc:225]
CRITICAL WARNING: [Common 17-55] 'set_property' expects at least one object. [/home/cax/DY_Tetris/DY_Tetris.srcs/constrs_1/new/Tetris.xdc:225]
Resolution: If [get_<value>] was used to populate the object, check to make sure this command returns at least one valid object.
WARNING: [Vivado 12-584] No ports matched 'vgaRed[2]'. [/home/cax/DY_Tetris/DY_Tetris.srcs/constrs_1/new/Tetris.xdc:226]
CRITICAL WARNING: [Common 17-55] 'set_property' expects at least one object. [/home/cax/DY_Tetris/DY_Tetris.srcs/constrs_1/new/Tetris.xdc:226]
Resolution: If [get_<value>] was used to populate the object, check to make sure this command returns at least one valid object.
WARNING: [Vivado 12-584] No ports matched 'vgaRed[3]'. [/home/cax/DY_Tetris/DY_Tetris.srcs/constrs_1/new/Tetris.xdc:227]
CRITICAL WARNING: [Common 17-55] 'set_property' expects at least one object. [/home/cax/DY_Tetris/DY_Tetris.srcs/constrs_1/new/Tetris.xdc:227]
Resolution: If [get_<value>] was used to populate the object, check to make sure this command returns at least one valid object.
WARNING: [Vivado 12-584] No ports matched 'vgaRed[3]'. [/home/cax/DY_Tetris/DY_Tetris.srcs/constrs_1/new/Tetris.xdc:228]
CRITICAL WARNING: [Common 17-55] 'set_property' expects at least one object. [/home/cax/DY_Tetris/DY_Tetris.srcs/constrs_1/new/Tetris.xdc:228]
Resolution: If [get_<value>] was used to populate the object, check to make sure this command returns at least one valid object.
WARNING: [Vivado 12-584] No ports matched 'vgaBlue[0]'. [/home/cax/DY_Tetris/DY_Tetris.srcs/constrs_1/new/Tetris.xdc:229]
CRITICAL WARNING: [Common 17-55] 'set_property' expects at least one object. [/home/cax/DY_Tetris/DY_Tetris.srcs/constrs_1/new/Tetris.xdc:229]
Resolution: If [get_<value>] was used to populate the object, check to make sure this command returns at least one valid object.
WARNING: [Vivado 12-584] No ports matched 'vgaBlue[0]'. [/home/cax/DY_Tetris/DY_Tetris.srcs/constrs_1/new/Tetris.xdc:230]
CRITICAL WARNING: [Common 17-55] 'set_property' expects at least one object. [/home/cax/DY_Tetris/DY_Tetris.srcs/constrs_1/new/Tetris.xdc:230]
Resolution: If [get_<value>] was used to populate the object, check to make sure this command returns at least one valid object.
WARNING: [Vivado 12-584] No ports matched 'vgaBlue[1]'. [/home/cax/DY_Tetris/DY_Tetris.srcs/constrs_1/new/Tetris.xdc:231]
CRITICAL WARNING: [Common 17-55] 'set_property' expects at least one object. [/home/cax/DY_Tetris/DY_Tetris.srcs/constrs_1/new/Tetris.xdc:231]
Resolution: If [get_<value>] was used to populate the object, check to make sure this command returns at least one valid object.
WARNING: [Vivado 12-584] No ports matched 'vgaBlue[1]'. [/home/cax/DY_Tetris/DY_Tetris.srcs/constrs_1/new/Tetris.xdc:232]
CRITICAL WARNING: [Common 17-55] 'set_property' expects at least one object. [/home/cax/DY_Tetris/DY_Tetris.srcs/constrs_1/new/Tetris.xdc:232]
Resolution: If [get_<value>] was used to populate the object, check to make sure this command returns at least one valid object.
WARNING: [Vivado 12-584] No ports matched 'vgaBlue[2]'. [/home/cax/DY_Tetris/DY_Tetris.srcs/constrs_1/new/Tetris.xdc:233]
CRITICAL WARNING: [Common 17-55] 'set_property' expects at least one object. [/home/cax/DY_Tetris/DY_Tetris.srcs/constrs_1/new/Tetris.xdc:233]
Resolution: If [get_<value>] was used to populate the object, check to make sure this command returns at least one valid object.
WARNING: [Vivado 12-584] No ports matched 'vgaBlue[2]'. [/home/cax/DY_Tetris/DY_Tetris.srcs/constrs_1/new/Tetris.xdc:234]
CRITICAL WARNING: [Common 17-55] 'set_property' expects at least one object. [/home/cax/DY_Tetris/DY_Tetris.srcs/constrs_1/new/Tetris.xdc:234]
Resolution: If [get_<value>] was used to populate the object, check to make sure this command returns at least one valid object.
WARNING: [Vivado 12-584] No ports matched '(vgaBlue[3]}'. [/home/cax/DY_Tetris/DY_Tetris.srcs/constrs_1/new/Tetris.xdc:235]
CRITICAL WARNING: [Common 17-55] 'set_property' expects at least one object. [/home/cax/DY_Tetris/DY_Tetris.srcs/constrs_1/new/Tetris.xdc:235]
Resolution: If [get_<value>] was used to populate the object, check to make sure this command returns at least one valid object.
WARNING: [Vivado 12-584] No ports matched 'vgaBlue[3]'. [/home/cax/DY_Tetris/DY_Tetris.srcs/constrs_1/new/Tetris.xdc:236]
CRITICAL WARNING: [Common 17-55] 'set_property' expects at least one object. [/home/cax/DY_Tetris/DY_Tetris.srcs/constrs_1/new/Tetris.xdc:236]
Resolution: If [get_<value>] was used to populate the object, check to make sure this command returns at least one valid object.
WARNING: [Vivado 12-584] No ports matched 'vgaGreen[0]'. [/home/cax/DY_Tetris/DY_Tetris.srcs/constrs_1/new/Tetris.xdc:237]
CRITICAL WARNING: [Common 17-55] 'set_property' expects at least one object. [/home/cax/DY_Tetris/DY_Tetris.srcs/constrs_1/new/Tetris.xdc:237]
Resolution: If [get_<value>] was used to populate the object, check to make sure this command returns at least one valid object.
WARNING: [Vivado 12-584] No ports matched '(vgaGreen[0]}'. [/home/cax/DY_Tetris/DY_Tetris.srcs/constrs_1/new/Tetris.xdc:238]
CRITICAL WARNING: [Common 17-55] 'set_property' expects at least one object. [/home/cax/DY_Tetris/DY_Tetris.srcs/constrs_1/new/Tetris.xdc:238]
Resolution: If [get_<value>] was used to populate the object, check to make sure this command returns at least one valid object.
WARNING: [Vivado 12-584] No ports matched '(vgaGreen[1]}'. [/home/cax/DY_Tetris/DY_Tetris.srcs/constrs_1/new/Tetris.xdc:239]
CRITICAL WARNING: [Common 17-55] 'set_property' expects at least one object. [/home/cax/DY_Tetris/DY_Tetris.srcs/constrs_1/new/Tetris.xdc:239]
Resolution: If [get_<value>] was used to populate the object, check to make sure this command returns at least one valid object.
WARNING: [Vivado 12-584] No ports matched 'vgaGreen[1]'. [/home/cax/DY_Tetris/DY_Tetris.srcs/constrs_1/new/Tetris.xdc:240]
CRITICAL WARNING: [Common 17-55] 'set_property' expects at least one object. [/home/cax/DY_Tetris/DY_Tetris.srcs/constrs_1/new/Tetris.xdc:240]
Resolution: If [get_<value>] was used to populate the object, check to make sure this command returns at least one valid object.
WARNING: [Vivado 12-584] No ports matched 'vgaGreen[2]'. [/home/cax/DY_Tetris/DY_Tetris.srcs/constrs_1/new/Tetris.xdc:241]
CRITICAL WARNING: [Common 17-55] 'set_property' expects at least one object. [/home/cax/DY_Tetris/DY_Tetris.srcs/constrs_1/new/Tetris.xdc:241]
Resolution: If [get_<value>] was used to populate the object, check to make sure this command returns at least one valid object.
WARNING: [Vivado 12-584] No ports matched 'vgaGreen[2]'. [/home/cax/DY_Tetris/DY_Tetris.srcs/constrs_1/new/Tetris.xdc:242]
CRITICAL WARNING: [Common 17-55] 'set_property' expects at least one object. [/home/cax/DY_Tetris/DY_Tetris.srcs/constrs_1/new/Tetris.xdc:242]
Resolution: If [get_<value>] was used to populate the object, check to make sure this command returns at least one valid object.
WARNING: [Vivado 12-584] No ports matched 'vgaGreen'. [/home/cax/DY_Tetris/DY_Tetris.srcs/constrs_1/new/Tetris.xdc:243]
WARNING: [Vivado 12-584] No ports matched '[3]'. [/home/cax/DY_Tetris/DY_Tetris.srcs/constrs_1/new/Tetris.xdc:243]
CRITICAL WARNING: [Common 17-55] 'set_property' expects at least one object. [/home/cax/DY_Tetris/DY_Tetris.srcs/constrs_1/new/Tetris.xdc:243]
Resolution: If [get_<value>] was used to populate the object, check to make sure this command returns at least one valid object.
WARNING: [Vivado 12-584] No ports matched 'vgaGreen[3]'. [/home/cax/DY_Tetris/DY_Tetris.srcs/constrs_1/new/Tetris.xdc:244]
CRITICAL WARNING: [Common 17-55] 'set_property' expects at least one object. [/home/cax/DY_Tetris/DY_Tetris.srcs/constrs_1/new/Tetris.xdc:244]
Resolution: If [get_<value>] was used to populate the object, check to make sure this command returns at least one valid object.
WARNING: [Vivado 12-584] No ports matched 'Hsync'. [/home/cax/DY_Tetris/DY_Tetris.srcs/constrs_1/new/Tetris.xdc:245]
CRITICAL WARNING: [Common 17-55] 'set_property' expects at least one object. [/home/cax/DY_Tetris/DY_Tetris.srcs/constrs_1/new/Tetris.xdc:245]
Resolution: If [get_<value>] was used to populate the object, check to make sure this command returns at least one valid object.
WARNING: [Vivado 12-584] No ports matched 'Hsync'. [/home/cax/DY_Tetris/DY_Tetris.srcs/constrs_1/new/Tetris.xdc:246]
CRITICAL WARNING: [Common 17-55] 'set_property' expects at least one object. [/home/cax/DY_Tetris/DY_Tetris.srcs/constrs_1/new/Tetris.xdc:246]
Resolution: If [get_<value>] was used to populate the object, check to make sure this command returns at least one valid object.
WARNING: [Vivado 12-584] No ports matched 'Vsync'. [/home/cax/DY_Tetris/DY_Tetris.srcs/constrs_1/new/Tetris.xdc:247]
CRITICAL WARNING: [Common 17-55] 'set_property' expects at least one object. [/home/cax/DY_Tetris/DY_Tetris.srcs/constrs_1/new/Tetris.xdc:247]
Resolution: If [get_<value>] was used to populate the object, check to make sure this command returns at least one valid object.
WARNING: [Vivado 12-584] No ports matched 'Vsync'. [/home/cax/DY_Tetris/DY_Tetris.srcs/constrs_1/new/Tetris.xdc:248]
CRITICAL WARNING: [Common 17-55] 'set_property' expects at least one object. [/home/cax/DY_Tetris/DY_Tetris.srcs/constrs_1/new/Tetris.xdc:248]
Resolution: If [get_<value>] was used to populate the object, check to make sure this command returns at least one valid object.
Finished Parsing XDC File [/home/cax/DY_Tetris/DY_Tetris.srcs/constrs_1/new/Tetris.xdc]
INFO: [Project 1-236] Implementation specific constraints were found while reading constraint file [/home/cax/DY_Tetris/DY_Tetris.srcs/constrs_1/new/Tetris.xdc]. These constraints will be ignored for synthesis but will be used in implementation. Impacted constraints are listed in the file [.Xil/Tetris_Top_propImpl.xdc].
Resolution: To avoid this warning, move constraints listed in [.Xil/Tetris_Top_propImpl.xdc] to another XDC file and exclude this new file from synthesis with the used_in_synthesis property (File Properties dialog in GUI) and re-run elaboration/synthesis.
Completed Processing XDC Constraints

Netlist sorting complete. Time (s): cpu = 00:00:00 ; elapsed = 00:00:00 . Memory (MB): peak = 2052.863 ; gain = 0.000 ; free physical = 3612 ; free virtual = 11919
INFO: [Project 1-111] Unisim Transformation Summary:
No Unisim elements were transformed.

Constraint Validation Runtime : Time (s): cpu = 00:00:00 ; elapsed = 00:00:00 . Memory (MB): peak = 2052.863 ; gain = 0.000 ; free physical = 3611 ; free virtual = 11919
---------------------------------------------------------------------------------
Finished Constraint Validation : Time (s): cpu = 00:00:15 ; elapsed = 00:00:16 . Memory (MB): peak = 2052.863 ; gain = 590.551 ; free physical = 3660 ; free virtual = 11968
---------------------------------------------------------------------------------
---------------------------------------------------------------------------------
Start Loading Part and Timing Information
---------------------------------------------------------------------------------
Loading part: xc7a35tcpg236-1
---------------------------------------------------------------------------------
Finished Loading Part and Timing Information : Time (s): cpu = 00:00:15 ; elapsed = 00:00:16 . Memory (MB): peak = 2060.867 ; gain = 598.555 ; free physical = 3660 ; free virtual = 11968
---------------------------------------------------------------------------------
---------------------------------------------------------------------------------
Start Applying 'set_property' XDC Constraints
---------------------------------------------------------------------------------
---------------------------------------------------------------------------------
Finished applying 'set_property' XDC Constraints : Time (s): cpu = 00:00:15 ; elapsed = 00:00:16 . Memory (MB): peak = 2060.867 ; gain = 598.555 ; free physical = 3660 ; free virtual = 11968
---------------------------------------------------------------------------------
---------------------------------------------------------------------------------
Finished RTL Optimization Phase 2 : Time (s): cpu = 00:00:15 ; elapsed = 00:00:16 . Memory (MB): peak = 2060.867 ; gain = 598.555 ; free physical = 3660 ; free virtual = 11969
---------------------------------------------------------------------------------
---------------------------------------------------------------------------------
Start RTL Component Statistics 
---------------------------------------------------------------------------------
Detailed RTL Component Info : 
---------------------------------------------------------------------------------
Finished RTL Component Statistics 
---------------------------------------------------------------------------------
---------------------------------------------------------------------------------
Start Part Resource Summary
---------------------------------------------------------------------------------
Part Resources:
DSPs: 90 (col length:60)
BRAMs: 100 (col length: RAMB18 60 RAMB36 30)
---------------------------------------------------------------------------------
Finished Part Resource Summary
---------------------------------------------------------------------------------
---------------------------------------------------------------------------------
Start Cross Boundary and Area Optimization
---------------------------------------------------------------------------------
WARNING: [Synth 8-7080] Parallel synthesis criteria is not met
WARNING: [Synth 8-3330] design Tetris_Top has an empty top module
---------------------------------------------------------------------------------
Finished Cross Boundary and Area Optimization : Time (s): cpu = 00:00:17 ; elapsed = 00:00:17 . Memory (MB): peak = 2060.867 ; gain = 598.555 ; free physical = 3679 ; free virtual = 11992
---------------------------------------------------------------------------------
---------------------------------------------------------------------------------
Start Applying XDC Timing Constraints
---------------------------------------------------------------------------------
---------------------------------------------------------------------------------
Finished Applying XDC Timing Constraints : Time (s): cpu = 00:00:24 ; elapsed = 00:00:25 . Memory (MB): peak = 2134.867 ; gain = 672.555 ; free physical = 3648 ; free virtual = 11968
---------------------------------------------------------------------------------
---------------------------------------------------------------------------------
Start Timing Optimization
---------------------------------------------------------------------------------
---------------------------------------------------------------------------------
Finished Timing Optimization : Time (s): cpu = 00:00:24 ; elapsed = 00:00:25 . Memory (MB): peak = 2134.867 ; gain = 672.555 ; free physical = 3648 ; free virtual = 11968
---------------------------------------------------------------------------------
---------------------------------------------------------------------------------
Start Technology Mapping
---------------------------------------------------------------------------------
---------------------------------------------------------------------------------
Finished Technology Mapping : Time (s): cpu = 00:00:24 ; elapsed = 00:00:25 . Memory (MB): peak = 2144.883 ; gain = 682.570 ; free physical = 3640 ; free virtual = 11960
---------------------------------------------------------------------------------
---------------------------------------------------------------------------------
Start IO Insertion
---------------------------------------------------------------------------------
---------------------------------------------------------------------------------
Start Flattening Before IO Insertion
---------------------------------------------------------------------------------
---------------------------------------------------------------------------------
Finished Flattening Before IO Insertion
---------------------------------------------------------------------------------
---------------------------------------------------------------------------------
Start Final Netlist Cleanup
---------------------------------------------------------------------------------
---------------------------------------------------------------------------------
Finished Final Netlist Cleanup
---------------------------------------------------------------------------------
---------------------------------------------------------------------------------
Finished IO Insertion : Time (s): cpu = 00:00:28 ; elapsed = 00:00:29 . Memory (MB): peak = 2306.695 ; gain = 844.383 ; free physical = 3480 ; free virtual = 11800
---------------------------------------------------------------------------------
---------------------------------------------------------------------------------
Start Renaming Generated Instances
---------------------------------------------------------------------------------
---------------------------------------------------------------------------------
Finished Renaming Generated Instances : Time (s): cpu = 00:00:28 ; elapsed = 00:00:29 . Memory (MB): peak = 2306.695 ; gain = 844.383 ; free physical = 3480 ; free virtual = 11800
---------------------------------------------------------------------------------
---------------------------------------------------------------------------------
Start Rebuilding User Hierarchy
---------------------------------------------------------------------------------
---------------------------------------------------------------------------------
Finished Rebuilding User Hierarchy : Time (s): cpu = 00:00:28 ; elapsed = 00:00:29 . Memory (MB): peak = 2306.695 ; gain = 844.383 ; free physical = 3480 ; free virtual = 11800
---------------------------------------------------------------------------------
---------------------------------------------------------------------------------
Start Renaming Generated Ports
---------------------------------------------------------------------------------
---------------------------------------------------------------------------------
Finished Renaming Generated Ports : Time (s): cpu = 00:00:28 ; elapsed = 00:00:29 . Memory (MB): peak = 2306.695 ; gain = 844.383 ; free physical = 3480 ; free virtual = 11800
---------------------------------------------------------------------------------
---------------------------------------------------------------------------------
Start Handling Custom Attributes
---------------------------------------------------------------------------------
---------------------------------------------------------------------------------
Finished Handling Custom Attributes : Time (s): cpu = 00:00:28 ; elapsed = 00:00:29 . Memory (MB): peak = 2306.695 ; gain = 844.383 ; free physical = 3480 ; free virtual = 11800
---------------------------------------------------------------------------------
---------------------------------------------------------------------------------
Start Renaming Generated Nets
---------------------------------------------------------------------------------
---------------------------------------------------------------------------------
Finished Renaming Generated Nets : Time (s): cpu = 00:00:28 ; elapsed = 00:00:29 . Memory (MB): peak = 2306.695 ; gain = 844.383 ; free physical = 3480 ; free virtual = 11800
---------------------------------------------------------------------------------
---------------------------------------------------------------------------------
Start Writing Synthesis Report
---------------------------------------------------------------------------------

Report BlackBoxes: 
+-+--------------+----------+
| |BlackBox name |Instances |
+-+--------------+----------+
+-+--------------+----------+

Report Cell Usage: 
+------+-----------+------+
|      |Cell       |Count |
+------+-----------+------+
|1     |Tetris_Top |     1|
+------+-----------+------+
---------------------------------------------------------------------------------
Finished Writing Synthesis Report : Time (s): cpu = 00:00:28 ; elapsed = 00:00:29 . Memory (MB): peak = 2306.695 ; gain = 844.383 ; free physical = 3480 ; free virtual = 11800
---------------------------------------------------------------------------------
Synthesis finished with 0 errors, 0 critical warnings and 2 warnings.
Synthesis Optimization Runtime : Time (s): cpu = 00:00:26 ; elapsed = 00:00:27 . Memory (MB): peak = 2306.695 ; gain = 771.445 ; free physical = 3480 ; free virtual = 11800
Synthesis Optimization Complete : Time (s): cpu = 00:00:28 ; elapsed = 00:00:29 . Memory (MB): peak = 2306.703 ; gain = 844.383 ; free physical = 3480 ; free virtual = 11800
INFO: [Project 1-571] Translating synthesized netlist
Netlist sorting complete. Time (s): cpu = 00:00:00 ; elapsed = 00:00:00 . Memory (MB): peak = 2306.703 ; gain = 0.000 ; free physical = 3480 ; free virtual = 11800
INFO: [Project 1-570] Preparing netlist for logic optimization
INFO: [Opt 31-138] Pushed 0 inverter(s) to 0 load pin(s).
Netlist sorting complete. Time (s): cpu = 00:00:00 ; elapsed = 00:00:00 . Memory (MB): peak = 2306.703 ; gain = 0.000 ; free physical = 3652 ; free virtual = 11977
INFO: [Project 1-111] Unisim Transformation Summary:
No Unisim elements were transformed.

Synth Design complete | Checksum: 372ba144
INFO: [Common 17-83] Releasing license: Synthesis
15 Infos, 32 Warnings, 28 Critical Warnings and 0 Errors encountered.
synth_design completed successfully
synth_design: Time (s): cpu = 00:00:39 ; elapsed = 00:00:37 . Memory (MB): peak = 2306.703 ; gain = 937.992 ; free physical = 3652 ; free virtual = 11977
INFO: [Common 17-2834] synth_design peak Physical Memory [PSS] (MB): overall = 1517.715; main = 1517.715; forked = 269.200
INFO: [Common 17-2834] synth_design peak Virtual Memory [VSS] (MB): overall = 2977.863; main = 2306.699; forked = 916.992
INFO: [runtcl-6] Synthesis results are not added to the cache due to CRITICAL_WARNING
INFO: [Common 17-1381] The checkpoint '/home/cax/DY_Tetris/DY_Tetris.runs/synth_1/Tetris_Top.dcp' has been generated.
INFO: [Vivado 12-24828] Executing command : report_utilization -file Tetris_Top_utilization_synth.rpt -pb Tetris_Top_utilization_synth.pb
INFO: [Common 17-206] Exiting Vivado at Tue Apr 22 10:47:13 2025...
