Vivado Simulator v2024.2.0
Copyright 1986-2022 Xilinx, Inc. All Rights Reserved.
Copyright 2022-2024 Advanced Micro Devices, Inc. All Rights Reserved.
Running: /tools/Xilinx/Vivado/2024.2/bin/unwrapped/lnx64.o/xelab --incr --debug typical --relax --mt 8 -L xil_defaultlib -L unisims_ver -L unimacro_ver -L secureip -L xpm --snapshot tb_Tetris_Top_behav xil_defaultlib.tb_Tetris_Top xil_defaultlib.glbl -log elaborate.log 
Using 8 slave threads.
Starting static elaboration
Pass Through NonSizing Optimizer
Completed static elaboration
Starting simulation data flow analysis
Completed simulation data flow analysis
Time Resolution for simulation is 1ps
Compiling package std.standard
Compiling package std.textio
Compiling package ieee.std_logic_1164
Compiling package ieee.numeric_std
Compiling package unisim.vcomponents
Compiling package ieee.std_logic_arith
Compiling package ieee.std_logic_signed
Compiling package ieee.vital_timing
Compiling package ieee.vital_primitives
Compiling package unisim.vpkg
Compiling package ieee.std_logic_unsigned
Compiling module xil_defaultlib.glbl
Compiling architecture bufg_v of entity unisim.BUFG [bufg_default]
Compiling architecture ibuf_v of entity unisim.IBUF [\IBUF(1,9)(1,1)(1,4)(1,7)\]
Compiling architecture plle2_adv_v of entity unisim.PLLE2_ADV [\PLLE2_ADV(clkfbout_mult=37,clki...]
Compiling architecture structure of entity xil_defaultlib.clk_wiz_0_clk_wiz [clk_wiz_0_clk_wiz_default]
Compiling architecture structure of entity xil_defaultlib.clk_wiz_0 [clk_wiz_0_default]
Compiling architecture behavioral of entity xil_defaultlib.VGA_Controller [vga_controller_default]
Compiling architecture behavioral of entity xil_defaultlib.Video_Renderer [video_renderer_default]
Compiling architecture behavioral of entity xil_defaultlib.Input_Controller [input_controller_default]
Compiling architecture behavioral of entity xil_defaultlib.Game_Engine [game_engine_default]
Compiling architecture behavioral of entity xil_defaultlib.Tick_Counter [tick_counter_default]
Compiling architecture behavioral of entity xil_defaultlib.Field_RAM [field_ram_default]
Compiling architecture behavioral of entity xil_defaultlib.PRNG [prng_default]
Compiling architecture behavioral of entity xil_defaultlib.Scoreboard [scoreboard_default]
Compiling architecture behavioral of entity xil_defaultlib.Tetris_Top [tetris_top_default]
Compiling architecture behavioral of entity xil_defaultlib.tb_tetris_top
Built simulation snapshot tb_Tetris_Top_behav
