
*** Running vivado
    with args -log VGA_Top.vdi -applog -m64 -product Vivado -messageDb vivado.pb -mode batch -source VGA_Top.tcl -notrace


****** Vivado v2024.2 (64-bit)
  **** SW Build 5239630 on Fri Nov 08 22:34:34 MST 2024
  **** IP Build 5239520 on Sun Nov 10 16:12:51 MST 2024
  **** SharedData Build 5239561 on Fri Nov 08 14:39:27 MST 2024
  **** Start of session at: Sun May 11 12:02:53 2025
    ** Copyright 1986-2022 Xilinx, Inc. All Rights Reserved.
    ** Copyright 2022-2024 Advanced Micro Devices, Inc. All Rights Reserved.

source VGA_Top.tcl -notrace
Command: link_design -top VGA_Top -part xc7a35tcpg236-1
Design is defaulting to srcset: sources_1
Design is defaulting to constrset: constrs_1
INFO: [Device 21-403] Loading part xc7a35tcpg236-1
INFO: [Project 1-454] Reading design checkpoint '/home/cax/DY_Tetris/DY_Tetris.gen/sources_1/ip/clk_wiz_0/clk_wiz_0.dcp' for cell 'clk_inst'
Netlist sorting complete. Time (s): cpu = 00:00:00.01 ; elapsed = 00:00:00.01 . Memory (MB): peak = 1490.871 ; gain = 0.000 ; free physical = 3145 ; free virtual = 11562
INFO: [Netlist 29-17] Analyzing 180 Unisim elements for replacement
INFO: [Netlist 29-28] Unisim Transformation completed in 0 CPU seconds
INFO: [Project 1-479] Netlist was created with Vivado 2024.2
INFO: [Project 1-570] Preparing netlist for logic optimization
Parsing XDC File [/home/cax/DY_Tetris/DY_Tetris.gen/sources_1/ip/clk_wiz_0/clk_wiz_0_board.xdc] for cell 'clk_inst/inst'
Finished Parsing XDC File [/home/cax/DY_Tetris/DY_Tetris.gen/sources_1/ip/clk_wiz_0/clk_wiz_0_board.xdc] for cell 'clk_inst/inst'
Parsing XDC File [/home/cax/DY_Tetris/DY_Tetris.gen/sources_1/ip/clk_wiz_0/clk_wiz_0.xdc] for cell 'clk_inst/inst'
INFO: [Timing 38-35] Done setting XDC timing constraints. [/home/cax/DY_Tetris/DY_Tetris.gen/sources_1/ip/clk_wiz_0/clk_wiz_0.xdc:54]
INFO: [Timing 38-2] Deriving generated clocks [/home/cax/DY_Tetris/DY_Tetris.gen/sources_1/ip/clk_wiz_0/clk_wiz_0.xdc:54]
get_clocks: Time (s): cpu = 00:00:10 ; elapsed = 00:00:10 . Memory (MB): peak = 2220.289 ; gain = 577.797 ; free physical = 2454 ; free virtual = 10863
Finished Parsing XDC File [/home/cax/DY_Tetris/DY_Tetris.gen/sources_1/ip/clk_wiz_0/clk_wiz_0.xdc] for cell 'clk_inst/inst'
Parsing XDC File [/home/cax/DY_Tetris/DY_Tetris.srcs/constrs_1/new/Tetris.xdc]
Finished Parsing XDC File [/home/cax/DY_Tetris/DY_Tetris.srcs/constrs_1/new/Tetris.xdc]
INFO: [Opt 31-138] Pushed 0 inverter(s) to 0 load pin(s).
Netlist sorting complete. Time (s): cpu = 00:00:00 ; elapsed = 00:00:00 . Memory (MB): peak = 2220.289 ; gain = 0.000 ; free physical = 2454 ; free virtual = 10863
INFO: [Project 1-111] Unisim Transformation Summary:
No Unisim elements were transformed.

10 Infos, 0 Warnings, 0 Critical Warnings and 0 Errors encountered.
link_design completed successfully
link_design: Time (s): cpu = 00:00:15 ; elapsed = 00:00:16 . Memory (MB): peak = 2220.289 ; gain = 849.770 ; free physical = 2454 ; free virtual = 10863
Command: opt_design
Attempting to get a license for feature 'Implementation' and/or device 'xc7a35t'
INFO: [Common 17-349] Got license for feature 'Implementation' and/or device 'xc7a35t'
Running DRC as a precondition to command opt_design

Starting DRC Task
INFO: [DRC 23-27] Running DRC with 8 threads
INFO: [Project 1-461] DRC finished with 0 Errors
INFO: [Project 1-462] Please refer to the DRC report (report_drc) for more information.

Time (s): cpu = 00:00:04 ; elapsed = 00:00:01 . Memory (MB): peak = 2245.133 ; gain = 24.844 ; free physical = 2451 ; free virtual = 10861

Starting Cache Timing Information Task
INFO: [Timing 38-35] Done setting XDC timing constraints.
INFO: [Timing 38-2] Deriving generated clocks
Ending Cache Timing Information Task | Checksum: 25753cf4f

Time (s): cpu = 00:00:00.14 ; elapsed = 00:00:00.07 . Memory (MB): peak = 2283.945 ; gain = 38.812 ; free physical = 2451 ; free virtual = 10860

Starting Logic Optimization Task

Phase 1 Initialization

Phase 1.1 Core Generation And Design Setup
Phase 1.1 Core Generation And Design Setup | Checksum: 25753cf4f

Time (s): cpu = 00:00:00 ; elapsed = 00:00:00.01 . Memory (MB): peak = 2594.758 ; gain = 0.000 ; free physical = 2129 ; free virtual = 10538

Phase 1.2 Setup Constraints And Sort Netlist
Phase 1.2 Setup Constraints And Sort Netlist | Checksum: 25753cf4f

Time (s): cpu = 00:00:00.01 ; elapsed = 00:00:00.02 . Memory (MB): peak = 2594.758 ; gain = 0.000 ; free physical = 2129 ; free virtual = 10538
Phase 1 Initialization | Checksum: 25753cf4f

Time (s): cpu = 00:00:00.01 ; elapsed = 00:00:00.02 . Memory (MB): peak = 2594.758 ; gain = 0.000 ; free physical = 2129 ; free virtual = 10538

Phase 2 Timer Update And Timing Data Collection

Phase 2.1 Timer Update
Phase 2.1 Timer Update | Checksum: 25753cf4f

Time (s): cpu = 00:00:00.16 ; elapsed = 00:00:00.06 . Memory (MB): peak = 2594.758 ; gain = 0.000 ; free physical = 2129 ; free virtual = 10538

Phase 2.2 Timing Data Collection
Phase 2.2 Timing Data Collection | Checksum: 25753cf4f

Time (s): cpu = 00:00:00.17 ; elapsed = 00:00:00.07 . Memory (MB): peak = 2594.758 ; gain = 0.000 ; free physical = 2129 ; free virtual = 10538
Phase 2 Timer Update And Timing Data Collection | Checksum: 25753cf4f

Time (s): cpu = 00:00:00.17 ; elapsed = 00:00:00.07 . Memory (MB): peak = 2594.758 ; gain = 0.000 ; free physical = 2129 ; free virtual = 10538

Phase 3 Retarget
INFO: [Opt 31-1851] Number of loadless carry chains removed were: 0
INFO: [Opt 31-1834] Total Chains To Be Transformed Were: 0 AND Number of Transformed insts Created are: 0
INFO: [Opt 31-1566] Pulled 3 inverters resulting in an inversion of 158 pins
INFO: [Opt 31-138] Pushed 0 inverter(s) to 0 load pin(s).
INFO: [Opt 31-49] Retargeted 0 cell(s).
Phase 3 Retarget | Checksum: 21ee5c7c5

Time (s): cpu = 00:00:00.34 ; elapsed = 00:00:00.22 . Memory (MB): peak = 2594.758 ; gain = 0.000 ; free physical = 2130 ; free virtual = 10539
Retarget | Checksum: 21ee5c7c5
INFO: [Opt 31-389] Phase Retarget created 0 cells and removed 11 cells
INFO: [Opt 31-1021] In phase Retarget, 1 netlist objects are constrained preventing optimization. Please run opt_design with -debug_log to get more detail. 

Phase 4 Constant propagation
INFO: [Opt 31-138] Pushed 0 inverter(s) to 0 load pin(s).
Phase 4 Constant propagation | Checksum: 268795e7b

Time (s): cpu = 00:00:00.37 ; elapsed = 00:00:00.25 . Memory (MB): peak = 2594.758 ; gain = 0.000 ; free physical = 2130 ; free virtual = 10539
Constant propagation | Checksum: 268795e7b
INFO: [Opt 31-389] Phase Constant propagation created 0 cells and removed 0 cells

Phase 5 Sweep
INFO: [Constraints 18-11670] Building netlist checker database with flags, 0x8
Done building netlist checker database: Time (s): cpu = 00:00:00 ; elapsed = 00:00:00 . Memory (MB): peak = 2594.758 ; gain = 0.000 ; free physical = 2130 ; free virtual = 10539
INFO: [Constraints 18-11670] Building netlist checker database with flags, 0x8
Done building netlist checker database: Time (s): cpu = 00:00:00 ; elapsed = 00:00:00 . Memory (MB): peak = 2594.758 ; gain = 0.000 ; free physical = 2130 ; free virtual = 10539
Phase 5 Sweep | Checksum: 301919377

Time (s): cpu = 00:00:00.4 ; elapsed = 00:00:00.29 . Memory (MB): peak = 2594.758 ; gain = 0.000 ; free physical = 2130 ; free virtual = 10539
Sweep | Checksum: 301919377
INFO: [Opt 31-389] Phase Sweep created 0 cells and removed 0 cells

Phase 6 BUFG optimization
Phase 6 BUFG optimization | Checksum: 301919377

Time (s): cpu = 00:00:00.48 ; elapsed = 00:00:00.32 . Memory (MB): peak = 2626.773 ; gain = 32.016 ; free physical = 2129 ; free virtual = 10539
BUFG optimization | Checksum: 301919377
INFO: [Opt 31-662] Phase BUFG optimization created 0 cells of which 0 are BUFGs and removed 0 cells.

Phase 7 Shift Register Optimization
INFO: [Opt 31-1064] SRL Remap converted 0 SRLs to 0 registers and converted 0 registers of register chains to 0 SRLs
Phase 7 Shift Register Optimization | Checksum: 301919377

Time (s): cpu = 00:00:00.48 ; elapsed = 00:00:00.33 . Memory (MB): peak = 2626.773 ; gain = 32.016 ; free physical = 2129 ; free virtual = 10539
Shift Register Optimization | Checksum: 301919377
INFO: [Opt 31-389] Phase Shift Register Optimization created 0 cells and removed 0 cells

Phase 8 Post Processing Netlist
Phase 8 Post Processing Netlist | Checksum: 301919377

Time (s): cpu = 00:00:00.49 ; elapsed = 00:00:00.34 . Memory (MB): peak = 2626.773 ; gain = 32.016 ; free physical = 2129 ; free virtual = 10539
Post Processing Netlist | Checksum: 301919377
INFO: [Opt 31-389] Phase Post Processing Netlist created 0 cells and removed 0 cells

Phase 9 Finalization

Phase 9.1 Finalizing Design Cores and Updating Shapes
Phase 9.1 Finalizing Design Cores and Updating Shapes | Checksum: 20c65e7c9

Time (s): cpu = 00:00:00.65 ; elapsed = 00:00:00.47 . Memory (MB): peak = 2626.773 ; gain = 32.016 ; free physical = 2129 ; free virtual = 10539

Phase 9.2 Verifying Netlist Connectivity

Starting Connectivity Check Task

Time (s): cpu = 00:00:00.01 ; elapsed = 00:00:00 . Memory (MB): peak = 2626.773 ; gain = 0.000 ; free physical = 2129 ; free virtual = 10539
Phase 9.2 Verifying Netlist Connectivity | Checksum: 20c65e7c9

Time (s): cpu = 00:00:00.66 ; elapsed = 00:00:00.48 . Memory (MB): peak = 2626.773 ; gain = 32.016 ; free physical = 2129 ; free virtual = 10539
Phase 9 Finalization | Checksum: 20c65e7c9

Time (s): cpu = 00:00:00.66 ; elapsed = 00:00:00.48 . Memory (MB): peak = 2626.773 ; gain = 32.016 ; free physical = 2129 ; free virtual = 10539
Opt_design Change Summary
=========================


-------------------------------------------------------------------------------------------------------------------------
|  Phase                        |  #Cells created  |  #Cells Removed  |  #Constrained objects preventing optimizations  |
-------------------------------------------------------------------------------------------------------------------------
|  Retarget                     |               0  |              11  |                                              1  |
|  Constant propagation         |               0  |               0  |                                              0  |
|  Sweep                        |               0  |               0  |                                              0  |
|  BUFG optimization            |               0  |               0  |                                              0  |
|  Shift Register Optimization  |               0  |               0  |                                              0  |
|  Post Processing Netlist      |               0  |               0  |                                              0  |
-------------------------------------------------------------------------------------------------------------------------


Ending Logic Optimization Task | Checksum: 20c65e7c9

Time (s): cpu = 00:00:00.67 ; elapsed = 00:00:00.48 . Memory (MB): peak = 2626.773 ; gain = 32.016 ; free physical = 2129 ; free virtual = 10539

Starting Power Optimization Task
INFO: [Pwropt 34-132] Skipping clock gating for clocks with a period < 2.00 ns.
Ending Power Optimization Task | Checksum: 20c65e7c9

Time (s): cpu = 00:00:00.01 ; elapsed = 00:00:00.02 . Memory (MB): peak = 2626.773 ; gain = 0.000 ; free physical = 2129 ; free virtual = 10539

Starting Final Cleanup Task
Ending Final Cleanup Task | Checksum: 20c65e7c9

Time (s): cpu = 00:00:00 ; elapsed = 00:00:00 . Memory (MB): peak = 2626.773 ; gain = 0.000 ; free physical = 2129 ; free virtual = 10539

Starting Netlist Obfuscation Task
Netlist sorting complete. Time (s): cpu = 00:00:00 ; elapsed = 00:00:00 . Memory (MB): peak = 2626.773 ; gain = 0.000 ; free physical = 2129 ; free virtual = 10539
Ending Netlist Obfuscation Task | Checksum: 20c65e7c9

Time (s): cpu = 00:00:00 ; elapsed = 00:00:00 . Memory (MB): peak = 2626.773 ; gain = 0.000 ; free physical = 2129 ; free virtual = 10539
INFO: [Common 17-83] Releasing license: Implementation
34 Infos, 0 Warnings, 0 Critical Warnings and 0 Errors encountered.
opt_design completed successfully
opt_design: Time (s): cpu = 00:00:10 ; elapsed = 00:00:07 . Memory (MB): peak = 2626.773 ; gain = 406.484 ; free physical = 2129 ; free virtual = 10539
INFO: [Vivado 12-24828] Executing command : report_drc -file VGA_Top_drc_opted.rpt -pb VGA_Top_drc_opted.pb -rpx VGA_Top_drc_opted.rpx
Command: report_drc -file VGA_Top_drc_opted.rpt -pb VGA_Top_drc_opted.pb -rpx VGA_Top_drc_opted.rpx
INFO: [IP_Flow 19-1839] IP Catalog is up to date.
INFO: [DRC 23-27] Running DRC with 8 threads
INFO: [Vivado_Tcl 2-168] The results of DRC are in file /home/cax/DY_Tetris/DY_Tetris.runs/impl_1/VGA_Top_drc_opted.rpt.
report_drc completed successfully
INFO: [Timing 38-480] Writing timing data to binary archive.
Wrote PlaceDB: Time (s): cpu = 00:00:00 ; elapsed = 00:00:00.01 . Memory (MB): peak = 2626.773 ; gain = 0.000 ; free physical = 2116 ; free virtual = 10526
Wrote PulsedLatchDB: Time (s): cpu = 00:00:00 ; elapsed = 00:00:00 . Memory (MB): peak = 2626.773 ; gain = 0.000 ; free physical = 2116 ; free virtual = 10526
Writing XDEF routing.
Write ShapeDB Complete: Time (s): cpu = 00:00:00.04 ; elapsed = 00:00:00.02 . Memory (MB): peak = 2626.773 ; gain = 0.000 ; free physical = 2116 ; free virtual = 10526
Writing XDEF routing logical nets.
Writing XDEF routing special nets.
Wrote RouteStorage: Time (s): cpu = 00:00:00.09 ; elapsed = 00:00:00.02 . Memory (MB): peak = 2626.773 ; gain = 0.000 ; free physical = 2116 ; free virtual = 10525
Wrote Netlist Cache: Time (s): cpu = 00:00:00.01 ; elapsed = 00:00:00 . Memory (MB): peak = 2626.773 ; gain = 0.000 ; free physical = 2116 ; free virtual = 10525
Wrote Device Cache: Time (s): cpu = 00:00:00.03 ; elapsed = 00:00:00.01 . Memory (MB): peak = 2626.773 ; gain = 0.000 ; free physical = 2115 ; free virtual = 10525
Write Physdb Complete: Time (s): cpu = 00:00:00.15 ; elapsed = 00:00:00.04 . Memory (MB): peak = 2626.773 ; gain = 0.000 ; free physical = 2115 ; free virtual = 10525
INFO: [Common 17-1381] The checkpoint '/home/cax/DY_Tetris/DY_Tetris.runs/impl_1/VGA_Top_opt.dcp' has been generated.
Command: place_design
Attempting to get a license for feature 'Implementation' and/or device 'xc7a35t'
INFO: [Common 17-349] Got license for feature 'Implementation' and/or device 'xc7a35t'
INFO: [Common 17-83] Releasing license: Implementation
INFO: [DRC 23-27] Running DRC with 8 threads
INFO: [Vivado_Tcl 4-198] DRC finished with 0 Errors
INFO: [Vivado_Tcl 4-199] Please refer to the DRC report (report_drc) for more information.
Running DRC as a precondition to command place_design
INFO: [DRC 23-27] Running DRC with 8 threads
INFO: [Vivado_Tcl 4-198] DRC finished with 0 Errors
INFO: [Vivado_Tcl 4-199] Please refer to the DRC report (report_drc) for more information.
INFO: [Place 30-611] Multithreading enabled for place_design using a maximum of 8 CPUs

Starting Placer Task

Phase 1 Placer Initialization

Phase 1.1 Placer Initialization Netlist Sorting
Netlist sorting complete. Time (s): cpu = 00:00:00 ; elapsed = 00:00:00.01 . Memory (MB): peak = 2652.180 ; gain = 0.000 ; free physical = 2079 ; free virtual = 10488
Phase 1.1 Placer Initialization Netlist Sorting | Checksum: 1d113df33

Time (s): cpu = 00:00:00.01 ; elapsed = 00:00:00.01 . Memory (MB): peak = 2652.180 ; gain = 0.000 ; free physical = 2079 ; free virtual = 10488
Netlist sorting complete. Time (s): cpu = 00:00:00 ; elapsed = 00:00:00 . Memory (MB): peak = 2652.180 ; gain = 0.000 ; free physical = 2079 ; free virtual = 10488

Phase 1.2 IO Placement/ Clock Placement/ Build Placer Device
INFO: [Timing 38-35] Done setting XDC timing constraints.
Phase 1.2 IO Placement/ Clock Placement/ Build Placer Device | Checksum: 22a4fa03b

Time (s): cpu = 00:00:00.48 ; elapsed = 00:00:00.25 . Memory (MB): peak = 2652.180 ; gain = 0.000 ; free physical = 2070 ; free virtual = 10480

Phase 1.3 Build Placer Netlist Model
Phase 1.3 Build Placer Netlist Model | Checksum: 2d9767f52

Time (s): cpu = 00:00:01 ; elapsed = 00:00:00.73 . Memory (MB): peak = 2691.223 ; gain = 39.043 ; free physical = 2070 ; free virtual = 10480

Phase 1.4 Constrain Clocks/Macros
Phase 1.4 Constrain Clocks/Macros | Checksum: 2d9767f52

Time (s): cpu = 00:00:01 ; elapsed = 00:00:00.74 . Memory (MB): peak = 2691.223 ; gain = 39.043 ; free physical = 2070 ; free virtual = 10480
Phase 1 Placer Initialization | Checksum: 2d9767f52

Time (s): cpu = 00:00:01 ; elapsed = 00:00:00.75 . Memory (MB): peak = 2691.223 ; gain = 39.043 ; free physical = 2070 ; free virtual = 10480

Phase 2 Global Placement

Phase 2.1 Floorplanning
Phase 2.1 Floorplanning | Checksum: 31d3d4340

Time (s): cpu = 00:00:01 ; elapsed = 00:00:00.8 . Memory (MB): peak = 2691.223 ; gain = 39.043 ; free physical = 2077 ; free virtual = 10487

Phase 2.2 Update Timing before SLR Path Opt
Phase 2.2 Update Timing before SLR Path Opt | Checksum: 2477746c7

Time (s): cpu = 00:00:02 ; elapsed = 00:00:00.84 . Memory (MB): peak = 2691.223 ; gain = 39.043 ; free physical = 2082 ; free virtual = 10492

Phase 2.3 Post-Processing in Floorplanning
Phase 2.3 Post-Processing in Floorplanning | Checksum: 2477746c7

Time (s): cpu = 00:00:02 ; elapsed = 00:00:00.84 . Memory (MB): peak = 2691.223 ; gain = 39.043 ; free physical = 2082 ; free virtual = 10492

Phase 2.4 Global Place Phase1
Phase 2.4 Global Place Phase1 | Checksum: 2319bbc89

Time (s): cpu = 00:00:04 ; elapsed = 00:00:02 . Memory (MB): peak = 2691.223 ; gain = 39.043 ; free physical = 2086 ; free virtual = 10496

Phase 2.5 Global Place Phase2

Phase 2.5.1 UpdateTiming Before Physical Synthesis
Phase 2.5.1 UpdateTiming Before Physical Synthesis | Checksum: 2319bbc89

Time (s): cpu = 00:00:04 ; elapsed = 00:00:02 . Memory (MB): peak = 2691.223 ; gain = 39.043 ; free physical = 2086 ; free virtual = 10496

Phase 2.5.2 Physical Synthesis In Placer
INFO: [Physopt 32-1035] Found 0 LUTNM shape to break, 82 LUT instances to create LUTNM shape
INFO: [Physopt 32-1044] Break lutnm for timing: one critical 0, two critical 0, total 0, new lutff created 0
INFO: [Physopt 32-1138] End 1 Pass. Optimized 38 nets or LUTs. Breaked 0 LUT, combined 38 existing LUTs and moved 0 existing LUT
INFO: [Physopt 32-65] No nets found for high-fanout optimization.
INFO: [Physopt 32-232] Optimized 0 net. Created 0 new instance.
INFO: [Physopt 32-775] End 1 Pass. Optimized 0 net or cell. Created 0 new cell, deleted 0 existing cell and moved 0 existing cell
INFO: [Physopt 32-670] No setup violation found.  DSP Register Optimization was not performed.
INFO: [Physopt 32-670] No setup violation found.  Shift Register to Pipeline Optimization was not performed.
INFO: [Physopt 32-670] No setup violation found.  Shift Register Optimization was not performed.
INFO: [Physopt 32-670] No setup violation found.  BRAM Register Optimization was not performed.
INFO: [Physopt 32-670] No setup violation found.  URAM Register Optimization was not performed.
INFO: [Physopt 32-949] No candidate nets found for dynamic/static region interface net replication
INFO: [Physopt 32-775] End 1 Pass. Optimized 0 net or cell. Created 0 new cell, deleted 0 existing cell and moved 0 existing cell
Netlist sorting complete. Time (s): cpu = 00:00:00 ; elapsed = 00:00:00 . Memory (MB): peak = 2691.223 ; gain = 0.000 ; free physical = 2086 ; free virtual = 10495

Summary of Physical Synthesis Optimizations
============================================


-----------------------------------------------------------------------------------------------------------------------------------------------------------
|  Optimization                                     |  Added Cells  |  Removed Cells  |  Optimized Cells/Nets  |  Dont Touch  |  Iterations  |  Elapsed   |
-----------------------------------------------------------------------------------------------------------------------------------------------------------
|  LUT Combining                                    |            0  |             38  |                    38  |           0  |           1  |  00:00:00  |
|  Retime                                           |            0  |              0  |                     0  |           0  |           1  |  00:00:00  |
|  Very High Fanout                                 |            0  |              0  |                     0  |           0  |           1  |  00:00:00  |
|  DSP Register                                     |            0  |              0  |                     0  |           0  |           0  |  00:00:00  |
|  Shift Register to Pipeline                       |            0  |              0  |                     0  |           0  |           0  |  00:00:00  |
|  Shift Register                                   |            0  |              0  |                     0  |           0  |           0  |  00:00:00  |
|  BRAM Register                                    |            0  |              0  |                     0  |           0  |           0  |  00:00:00  |
|  URAM Register                                    |            0  |              0  |                     0  |           0  |           0  |  00:00:00  |
|  Dynamic/Static Region Interface Net Replication  |            0  |              0  |                     0  |           0  |           1  |  00:00:00  |
|  Total                                            |            0  |             38  |                    38  |           0  |           4  |  00:00:00  |
-----------------------------------------------------------------------------------------------------------------------------------------------------------


Phase 2.5.2 Physical Synthesis In Placer | Checksum: 1d208f92b

Time (s): cpu = 00:00:05 ; elapsed = 00:00:03 . Memory (MB): peak = 2691.223 ; gain = 39.043 ; free physical = 2086 ; free virtual = 10496
Phase 2.5 Global Place Phase2 | Checksum: 25ccc53ac

Time (s): cpu = 00:00:05 ; elapsed = 00:00:03 . Memory (MB): peak = 2691.223 ; gain = 39.043 ; free physical = 2086 ; free virtual = 10495
Phase 2 Global Placement | Checksum: 25ccc53ac

Time (s): cpu = 00:00:05 ; elapsed = 00:00:03 . Memory (MB): peak = 2691.223 ; gain = 39.043 ; free physical = 2086 ; free virtual = 10495

Phase 3 Detail Placement

Phase 3.1 Commit Multi Column Macros
Phase 3.1 Commit Multi Column Macros | Checksum: 2315941c8

Time (s): cpu = 00:00:05 ; elapsed = 00:00:03 . Memory (MB): peak = 2691.223 ; gain = 39.043 ; free physical = 2086 ; free virtual = 10495

Phase 3.2 Commit Most Macros & LUTRAMs
Phase 3.2 Commit Most Macros & LUTRAMs | Checksum: 1dd67350a

Time (s): cpu = 00:00:05 ; elapsed = 00:00:03 . Memory (MB): peak = 2691.223 ; gain = 39.043 ; free physical = 2086 ; free virtual = 10495

Phase 3.3 Area Swap Optimization
Phase 3.3 Area Swap Optimization | Checksum: 118517cb9

Time (s): cpu = 00:00:05 ; elapsed = 00:00:03 . Memory (MB): peak = 2691.223 ; gain = 39.043 ; free physical = 2086 ; free virtual = 10495

Phase 3.4 Pipeline Register Optimization
Phase 3.4 Pipeline Register Optimization | Checksum: 190ac9fe6

Time (s): cpu = 00:00:05 ; elapsed = 00:00:03 . Memory (MB): peak = 2691.223 ; gain = 39.043 ; free physical = 2086 ; free virtual = 10495

Phase 3.5 Small Shape Detail Placement
Phase 3.5 Small Shape Detail Placement | Checksum: 21cf36277

Time (s): cpu = 00:00:06 ; elapsed = 00:00:03 . Memory (MB): peak = 2691.223 ; gain = 39.043 ; free physical = 2084 ; free virtual = 10494

Phase 3.6 Re-assign LUT pins
Phase 3.6 Re-assign LUT pins | Checksum: 1ac1360a8

Time (s): cpu = 00:00:06 ; elapsed = 00:00:03 . Memory (MB): peak = 2691.223 ; gain = 39.043 ; free physical = 2084 ; free virtual = 10494

Phase 3.7 Pipeline Register Optimization
Phase 3.7 Pipeline Register Optimization | Checksum: 229b8445d

Time (s): cpu = 00:00:06 ; elapsed = 00:00:04 . Memory (MB): peak = 2691.223 ; gain = 39.043 ; free physical = 2084 ; free virtual = 10494
Phase 3 Detail Placement | Checksum: 229b8445d

Time (s): cpu = 00:00:06 ; elapsed = 00:00:04 . Memory (MB): peak = 2691.223 ; gain = 39.043 ; free physical = 2084 ; free virtual = 10494

Phase 4 Post Placement Optimization and Clean-Up

Phase 4.1 Post Commit Optimization
INFO: [Timing 38-35] Done setting XDC timing constraints.

Phase 4.1.1 Post Placement Optimization
Post Placement Optimization Initialization | Checksum: 23d3f0a25

Phase 4.1.1.1 BUFG Insertion

Starting Physical Synthesis Task

Phase 1 Physical Synthesis Initialization
INFO: [Physopt 32-721] Multithreading enabled for phys_opt_design using a maximum of 8 CPUs
INFO: [Physopt 32-619] Estimated Timing Summary | WNS=36.702 | TNS=0.000 |
Phase 1 Physical Synthesis Initialization | Checksum: 16a9b03bf

Time (s): cpu = 00:00:00.13 ; elapsed = 00:00:00.05 . Memory (MB): peak = 2691.223 ; gain = 0.000 ; free physical = 2084 ; free virtual = 10493
INFO: [Place 46-56] BUFG insertion identified 0 candidate nets. Inserted BUFG: 0, Replicated BUFG Driver: 0, Skipped due to Placement/Routing Conflicts: 0, Skipped due to Timing Degradation: 0, Skipped due to netlist editing failed: 0.
Ending Physical Synthesis Task | Checksum: 1d324537a

Time (s): cpu = 00:00:00.16 ; elapsed = 00:00:00.06 . Memory (MB): peak = 2691.223 ; gain = 0.000 ; free physical = 2084 ; free virtual = 10493
Phase 4.1.1.1 BUFG Insertion | Checksum: 23d3f0a25

Time (s): cpu = 00:00:07 ; elapsed = 00:00:04 . Memory (MB): peak = 2691.223 ; gain = 39.043 ; free physical = 2084 ; free virtual = 10493

Phase 4.1.1.2 Post Placement Timing Optimization
INFO: [Place 30-746] Post Placement Timing Summary WNS=36.702. For the most accurate timing information please run report_timing.
Phase 4.1.1.2 Post Placement Timing Optimization | Checksum: 19e5a1df0

Time (s): cpu = 00:00:07 ; elapsed = 00:00:04 . Memory (MB): peak = 2691.223 ; gain = 39.043 ; free physical = 2084 ; free virtual = 10493

Time (s): cpu = 00:00:07 ; elapsed = 00:00:04 . Memory (MB): peak = 2691.223 ; gain = 39.043 ; free physical = 2084 ; free virtual = 10493
Phase 4.1 Post Commit Optimization | Checksum: 19e5a1df0

Time (s): cpu = 00:00:07 ; elapsed = 00:00:04 . Memory (MB): peak = 2691.223 ; gain = 39.043 ; free physical = 2084 ; free virtual = 10493

Phase 4.2 Post Placement Cleanup
Phase 4.2 Post Placement Cleanup | Checksum: 19e5a1df0

Time (s): cpu = 00:00:07 ; elapsed = 00:00:04 . Memory (MB): peak = 2691.223 ; gain = 39.043 ; free physical = 2084 ; free virtual = 10493

Phase 4.3 Placer Reporting

Phase 4.3.1 Print Estimated Congestion
INFO: [Place 30-612] Post-Placement Estimated Congestion 
 ____________________________________________________
|           | Global Congestion | Short Congestion  |
| Direction | Region Size       | Region Size       |
|___________|___________________|___________________|
|      North|                1x1|                1x1|
|___________|___________________|___________________|
|      South|                1x1|                1x1|
|___________|___________________|___________________|
|       East|                1x1|                1x1|
|___________|___________________|___________________|
|       West|                1x1|                1x1|
|___________|___________________|___________________|

Phase 4.3.1 Print Estimated Congestion | Checksum: 19e5a1df0

Time (s): cpu = 00:00:07 ; elapsed = 00:00:04 . Memory (MB): peak = 2691.223 ; gain = 39.043 ; free physical = 2084 ; free virtual = 10493
Phase 4.3 Placer Reporting | Checksum: 19e5a1df0

Time (s): cpu = 00:00:07 ; elapsed = 00:00:04 . Memory (MB): peak = 2691.223 ; gain = 39.043 ; free physical = 2084 ; free virtual = 10493

Phase 4.4 Final Placement Cleanup
Netlist sorting complete. Time (s): cpu = 00:00:00 ; elapsed = 00:00:00 . Memory (MB): peak = 2691.223 ; gain = 0.000 ; free physical = 2084 ; free virtual = 10493

Time (s): cpu = 00:00:07 ; elapsed = 00:00:04 . Memory (MB): peak = 2691.223 ; gain = 39.043 ; free physical = 2084 ; free virtual = 10493
Phase 4 Post Placement Optimization and Clean-Up | Checksum: 1cd526b2c

Time (s): cpu = 00:00:07 ; elapsed = 00:00:04 . Memory (MB): peak = 2691.223 ; gain = 39.043 ; free physical = 2084 ; free virtual = 10493
Ending Placer Task | Checksum: 1c6ca9820

Time (s): cpu = 00:00:07 ; elapsed = 00:00:04 . Memory (MB): peak = 2691.223 ; gain = 39.043 ; free physical = 2084 ; free virtual = 10493
69 Infos, 0 Warnings, 0 Critical Warnings and 0 Errors encountered.
place_design completed successfully
place_design: Time (s): cpu = 00:00:14 ; elapsed = 00:00:05 . Memory (MB): peak = 2691.223 ; gain = 64.449 ; free physical = 2084 ; free virtual = 10493
INFO: [Vivado 12-24838] Running report commands "report_control_sets, report_io, report_utilization" in parallel.
Running report generation with 3 threads.
INFO: [Vivado 12-24828] Executing command : report_utilization -file VGA_Top_utilization_placed.rpt -pb VGA_Top_utilization_placed.pb
INFO: [Vivado 12-24828] Executing command : report_control_sets -verbose -file VGA_Top_control_sets_placed.rpt
report_control_sets: Time (s): cpu = 00:00:00.1 ; elapsed = 00:00:00.21 . Memory (MB): peak = 2691.223 ; gain = 0.000 ; free physical = 2079 ; free virtual = 10489
INFO: [Vivado 12-24828] Executing command : report_io -file VGA_Top_io_placed.rpt
report_io: Time (s): cpu = 00:00:00.22 ; elapsed = 00:00:00.42 . Memory (MB): peak = 2691.223 ; gain = 0.000 ; free physical = 2085 ; free virtual = 10495
INFO: [Timing 38-480] Writing timing data to binary archive.
Write ShapeDB Complete: Time (s): cpu = 00:00:00.06 ; elapsed = 00:00:00.01 . Memory (MB): peak = 2691.223 ; gain = 0.000 ; free physical = 2085 ; free virtual = 10495
Wrote PlaceDB: Time (s): cpu = 00:00:00.43 ; elapsed = 00:00:00.13 . Memory (MB): peak = 2691.223 ; gain = 0.000 ; free physical = 2080 ; free virtual = 10491
Wrote PulsedLatchDB: Time (s): cpu = 00:00:00 ; elapsed = 00:00:00 . Memory (MB): peak = 2691.223 ; gain = 0.000 ; free physical = 2080 ; free virtual = 10491
Writing XDEF routing.
Writing XDEF routing logical nets.
Writing XDEF routing special nets.
Wrote RouteStorage: Time (s): cpu = 00:00:00.04 ; elapsed = 00:00:00.02 . Memory (MB): peak = 2691.223 ; gain = 0.000 ; free physical = 2078 ; free virtual = 10490
Wrote Netlist Cache: Time (s): cpu = 00:00:00.01 ; elapsed = 00:00:00 . Memory (MB): peak = 2691.223 ; gain = 0.000 ; free physical = 2078 ; free virtual = 10490
Wrote Device Cache: Time (s): cpu = 00:00:00.01 ; elapsed = 00:00:00.01 . Memory (MB): peak = 2691.223 ; gain = 0.000 ; free physical = 2078 ; free virtual = 10490
Write Physdb Complete: Time (s): cpu = 00:00:00.5 ; elapsed = 00:00:00.17 . Memory (MB): peak = 2691.223 ; gain = 0.000 ; free physical = 2078 ; free virtual = 10490
INFO: [Common 17-1381] The checkpoint '/home/cax/DY_Tetris/DY_Tetris.runs/impl_1/VGA_Top_placed.dcp' has been generated.
Command: phys_opt_design
Attempting to get a license for feature 'Implementation' and/or device 'xc7a35t'
INFO: [Common 17-349] Got license for feature 'Implementation' and/or device 'xc7a35t'

Starting Initial Update Timing Task

Time (s): cpu = 00:00:00.63 ; elapsed = 00:00:00.24 . Memory (MB): peak = 2691.223 ; gain = 0.000 ; free physical = 2055 ; free virtual = 10465
INFO: [Vivado_Tcl 4-2279] Estimated Timing Summary | WNS= 36.702 | TNS= 0.000 | 
INFO: [Vivado_Tcl 4-383] Design worst setup slack (WNS) is greater than or equal to 0.000 ns. All physical synthesis setup optimizations will be skipped.
INFO: [Vivado_Tcl 4-232] No setup violation found. The netlist was not modified.
INFO: [Common 17-83] Releasing license: Implementation
80 Infos, 0 Warnings, 0 Critical Warnings and 0 Errors encountered.
phys_opt_design completed successfully
INFO: [Timing 38-480] Writing timing data to binary archive.
Write ShapeDB Complete: Time (s): cpu = 00:00:00.03 ; elapsed = 00:00:00 . Memory (MB): peak = 2691.223 ; gain = 0.000 ; free physical = 2055 ; free virtual = 10465
Wrote PlaceDB: Time (s): cpu = 00:00:00.43 ; elapsed = 00:00:00.13 . Memory (MB): peak = 2691.223 ; gain = 0.000 ; free physical = 2048 ; free virtual = 10459
Wrote PulsedLatchDB: Time (s): cpu = 00:00:00 ; elapsed = 00:00:00 . Memory (MB): peak = 2691.223 ; gain = 0.000 ; free physical = 2048 ; free virtual = 10459
Writing XDEF routing.
Writing XDEF routing logical nets.
Writing XDEF routing special nets.
Wrote RouteStorage: Time (s): cpu = 00:00:00.05 ; elapsed = 00:00:00.02 . Memory (MB): peak = 2691.223 ; gain = 0.000 ; free physical = 2048 ; free virtual = 10459
Wrote Netlist Cache: Time (s): cpu = 00:00:00 ; elapsed = 00:00:00 . Memory (MB): peak = 2691.223 ; gain = 0.000 ; free physical = 2048 ; free virtual = 10459
Wrote Device Cache: Time (s): cpu = 00:00:00.02 ; elapsed = 00:00:00.01 . Memory (MB): peak = 2691.223 ; gain = 0.000 ; free physical = 2048 ; free virtual = 10460
Write Physdb Complete: Time (s): cpu = 00:00:00.51 ; elapsed = 00:00:00.17 . Memory (MB): peak = 2691.223 ; gain = 0.000 ; free physical = 2048 ; free virtual = 10460
INFO: [Common 17-1381] The checkpoint '/home/cax/DY_Tetris/DY_Tetris.runs/impl_1/VGA_Top_physopt.dcp' has been generated.
Command: route_design
Attempting to get a license for feature 'Implementation' and/or device 'xc7a35t'
INFO: [Common 17-349] Got license for feature 'Implementation' and/or device 'xc7a35t'


Starting Routing Task
INFO: [Route 35-254] Multithreading enabled for route_design using a maximum of 8 CPUs

Phase 1 Build RT Design
Checksum: PlaceDB: 6d74b2a5 ConstDB: 0 ShapeSum: b8d48924 RouteDB: a0815c57
Post Restoration Checksum: NetGraph: 3919c2c6 | NumContArr: 65b8bcdd | Constraints: c2a8fa9d | Timing: c2a8fa9d
Phase 1 Build RT Design | Checksum: 2242474dd

Time (s): cpu = 00:00:26 ; elapsed = 00:00:21 . Memory (MB): peak = 2781.996 ; gain = 90.773 ; free physical = 1939 ; free virtual = 10350

Phase 2 Router Initialization

Phase 2.1 Fix Topology Constraints
Phase 2.1 Fix Topology Constraints | Checksum: 2242474dd

Time (s): cpu = 00:00:26 ; elapsed = 00:00:21 . Memory (MB): peak = 2781.996 ; gain = 90.773 ; free physical = 1939 ; free virtual = 10350

Phase 2.2 Pre Route Cleanup
Phase 2.2 Pre Route Cleanup | Checksum: 2242474dd

Time (s): cpu = 00:00:26 ; elapsed = 00:00:21 . Memory (MB): peak = 2781.996 ; gain = 90.773 ; free physical = 1939 ; free virtual = 10350
 Number of Nodes with overlaps = 0

Phase 2.3 Update Timing
Phase 2.3 Update Timing | Checksum: 229a844c5

Time (s): cpu = 00:00:27 ; elapsed = 00:00:22 . Memory (MB): peak = 2806.996 ; gain = 115.773 ; free physical = 1920 ; free virtual = 10331
INFO: [Route 35-416] Intermediate Timing Summary | WNS=36.721 | TNS=0.000  | WHS=-0.250 | THS=-6.584 |


Router Utilization Summary
  Global Vertical Routing Utilization    = 0.0106035 %
  Global Horizontal Routing Utilization  = 0.00689745 %
  Routable Net Status*
  *Does not include unroutable nets such as driverless and loadless.
  Run report_route_status for detailed report.
  Number of Failed Nets               = 993
    (Failed Nets is the sum of unrouted and partially routed nets)
  Number of Unrouted Nets             = 974
  Number of Partially Routed Nets     = 19
  Number of Node Overlaps             = 32

Phase 2 Router Initialization | Checksum: 2bac238b5

Time (s): cpu = 00:00:28 ; elapsed = 00:00:22 . Memory (MB): peak = 2806.996 ; gain = 115.773 ; free physical = 1915 ; free virtual = 10326

Phase 3 Global Routing
Phase 3 Global Routing | Checksum: 2bac238b5

Time (s): cpu = 00:00:28 ; elapsed = 00:00:22 . Memory (MB): peak = 2806.996 ; gain = 115.773 ; free physical = 1915 ; free virtual = 10326

Phase 4 Initial Routing

Phase 4.1 Initial Net Routing Pass
Phase 4.1 Initial Net Routing Pass | Checksum: 1bd909b3d

Time (s): cpu = 00:00:29 ; elapsed = 00:00:22 . Memory (MB): peak = 2806.996 ; gain = 115.773 ; free physical = 1915 ; free virtual = 10326
Phase 4 Initial Routing | Checksum: 1bd909b3d

Time (s): cpu = 00:00:29 ; elapsed = 00:00:22 . Memory (MB): peak = 2806.996 ; gain = 115.773 ; free physical = 1915 ; free virtual = 10326

Phase 5 Rip-up And Reroute

Phase 5.1 Global Iteration 0
 Number of Nodes with overlaps = 68
 Number of Nodes with overlaps = 0
INFO: [Route 35-416] Intermediate Timing Summary | WNS=36.408 | TNS=0.000  | WHS=N/A    | THS=N/A    |

Phase 5.1 Global Iteration 0 | Checksum: 249de279e

Time (s): cpu = 00:00:30 ; elapsed = 00:00:23 . Memory (MB): peak = 2806.996 ; gain = 115.773 ; free physical = 1915 ; free virtual = 10326
Phase 5 Rip-up And Reroute | Checksum: 249de279e

Time (s): cpu = 00:00:30 ; elapsed = 00:00:23 . Memory (MB): peak = 2806.996 ; gain = 115.773 ; free physical = 1915 ; free virtual = 10326

Phase 6 Delay and Skew Optimization

Phase 6.1 Delay CleanUp
Phase 6.1 Delay CleanUp | Checksum: 249de279e

Time (s): cpu = 00:00:30 ; elapsed = 00:00:23 . Memory (MB): peak = 2806.996 ; gain = 115.773 ; free physical = 1915 ; free virtual = 10326

Phase 6.2 Clock Skew Optimization
Phase 6.2 Clock Skew Optimization | Checksum: 249de279e

Time (s): cpu = 00:00:30 ; elapsed = 00:00:23 . Memory (MB): peak = 2806.996 ; gain = 115.773 ; free physical = 1915 ; free virtual = 10326
Phase 6 Delay and Skew Optimization | Checksum: 249de279e

Time (s): cpu = 00:00:30 ; elapsed = 00:00:23 . Memory (MB): peak = 2806.996 ; gain = 115.773 ; free physical = 1915 ; free virtual = 10326

Phase 7 Post Hold Fix

Phase 7.1 Hold Fix Iter
INFO: [Route 35-416] Intermediate Timing Summary | WNS=36.500 | TNS=0.000  | WHS=0.045  | THS=0.000  |

Phase 7.1 Hold Fix Iter | Checksum: 252185c28

Time (s): cpu = 00:00:30 ; elapsed = 00:00:23 . Memory (MB): peak = 2806.996 ; gain = 115.773 ; free physical = 1915 ; free virtual = 10326
Phase 7 Post Hold Fix | Checksum: 252185c28

Time (s): cpu = 00:00:30 ; elapsed = 00:00:23 . Memory (MB): peak = 2806.996 ; gain = 115.773 ; free physical = 1915 ; free virtual = 10326

Phase 8 Route finalize

Router Utilization Summary
  Global Vertical Routing Utilization    = 0.2092 %
  Global Horizontal Routing Utilization  = 0.246486 %
  Routable Net Status*
  *Does not include unroutable nets such as driverless and loadless.
  Run report_route_status for detailed report.
  Number of Failed Nets               = 0
    (Failed Nets is the sum of unrouted and partially routed nets)
  Number of Unrouted Nets             = 0
  Number of Partially Routed Nets     = 0
  Number of Node Overlaps             = 0

Phase 8 Route finalize | Checksum: 252185c28

Time (s): cpu = 00:00:30 ; elapsed = 00:00:23 . Memory (MB): peak = 2806.996 ; gain = 115.773 ; free physical = 1915 ; free virtual = 10326

Phase 9 Verifying routed nets

 Verification completed successfully
Phase 9 Verifying routed nets | Checksum: 252185c28

Time (s): cpu = 00:00:30 ; elapsed = 00:00:23 . Memory (MB): peak = 2806.996 ; gain = 115.773 ; free physical = 1915 ; free virtual = 10326

Phase 10 Depositing Routes
Phase 10 Depositing Routes | Checksum: 2765f396b

Time (s): cpu = 00:00:31 ; elapsed = 00:00:23 . Memory (MB): peak = 2806.996 ; gain = 115.773 ; free physical = 1915 ; free virtual = 10326

Phase 11 Post Process Routing
Phase 11 Post Process Routing | Checksum: 2765f396b

Time (s): cpu = 00:00:31 ; elapsed = 00:00:23 . Memory (MB): peak = 2806.996 ; gain = 115.773 ; free physical = 1915 ; free virtual = 10326

Phase 12 Post Router Timing
INFO: [Route 35-57] Estimated Timing Summary | WNS=36.500 | TNS=0.000  | WHS=0.045  | THS=0.000  |

INFO: [Route 35-327] The final timing numbers are based on the router estimated timing analysis. For a complete and accurate timing signoff, please run report_timing_summary.
Phase 12 Post Router Timing | Checksum: 2765f396b

Time (s): cpu = 00:00:31 ; elapsed = 00:00:23 . Memory (MB): peak = 2806.996 ; gain = 115.773 ; free physical = 1915 ; free virtual = 10326
Total Elapsed time in route_design: 23.1 secs

Phase 13 Post-Route Event Processing
Phase 13 Post-Route Event Processing | Checksum: 1634aa37f

Time (s): cpu = 00:00:31 ; elapsed = 00:00:23 . Memory (MB): peak = 2806.996 ; gain = 115.773 ; free physical = 1915 ; free virtual = 10326
INFO: [Route 35-16] Router Completed Successfully
Ending Routing Task | Checksum: 1634aa37f

Time (s): cpu = 00:00:31 ; elapsed = 00:00:23 . Memory (MB): peak = 2806.996 ; gain = 115.773 ; free physical = 1915 ; free virtual = 10326

Routing Is Done.
INFO: [Common 17-83] Releasing license: Implementation
91 Infos, 0 Warnings, 0 Critical Warnings and 0 Errors encountered.
route_design completed successfully
route_design: Time (s): cpu = 00:00:31 ; elapsed = 00:00:23 . Memory (MB): peak = 2806.996 ; gain = 115.773 ; free physical = 1915 ; free virtual = 10326
INFO: [Vivado 12-24828] Executing command : report_drc -file VGA_Top_drc_routed.rpt -pb VGA_Top_drc_routed.pb -rpx VGA_Top_drc_routed.rpx
Command: report_drc -file VGA_Top_drc_routed.rpt -pb VGA_Top_drc_routed.pb -rpx VGA_Top_drc_routed.rpx
INFO: [IP_Flow 19-1839] IP Catalog is up to date.
INFO: [DRC 23-27] Running DRC with 8 threads
INFO: [Vivado_Tcl 2-168] The results of DRC are in file /home/cax/DY_Tetris/DY_Tetris.runs/impl_1/VGA_Top_drc_routed.rpt.
report_drc completed successfully
INFO: [Vivado 12-24828] Executing command : report_methodology -file VGA_Top_methodology_drc_routed.rpt -pb VGA_Top_methodology_drc_routed.pb -rpx VGA_Top_methodology_drc_routed.rpx
Command: report_methodology -file VGA_Top_methodology_drc_routed.rpt -pb VGA_Top_methodology_drc_routed.pb -rpx VGA_Top_methodology_drc_routed.rpx
INFO: [Timing 38-35] Done setting XDC timing constraints.
INFO: [DRC 23-133] Running Methodology with 8 threads
INFO: [Vivado_Tcl 2-1520] The results of Report Methodology are in file /home/cax/DY_Tetris/DY_Tetris.runs/impl_1/VGA_Top_methodology_drc_routed.rpt.
report_methodology completed successfully
INFO: [Vivado 12-24828] Executing command : report_timing_summary -max_paths 10 -report_unconstrained -file VGA_Top_timing_summary_routed.rpt -pb VGA_Top_timing_summary_routed.pb -rpx VGA_Top_timing_summary_routed.rpx -warn_on_violation 
INFO: [Timing 38-35] Done setting XDC timing constraints.
INFO: [Timing 38-91] UpdateTimingParams: Speed grade: -1, Delay Type: min_max.
INFO: [Timing 38-191] Multithreading enabled for timing update using a maximum of 8 CPUs
INFO: [Vivado 12-24838] Running report commands "report_bus_skew, report_incremental_reuse, report_route_status" in parallel.
Running report generation with 3 threads.
INFO: [Vivado 12-24828] Executing command : report_incremental_reuse -file VGA_Top_incremental_reuse_routed.rpt
INFO: [Vivado_Tcl 4-1062] Incremental flow is disabled. No incremental reuse Info to report.
INFO: [Vivado 12-24828] Executing command : report_route_status -file VGA_Top_route_status.rpt -pb VGA_Top_route_status.pb
INFO: [Vivado 12-24828] Executing command : report_bus_skew -warn_on_violation -file VGA_Top_bus_skew_routed.rpt -pb VGA_Top_bus_skew_routed.pb -rpx VGA_Top_bus_skew_routed.rpx
INFO: [Timing 38-91] UpdateTimingParams: Speed grade: -1, Delay Type: min_max.
INFO: [Timing 38-191] Multithreading enabled for timing update using a maximum of 8 CPUs
INFO: [Vivado 12-24828] Executing command : report_power -file VGA_Top_power_routed.rpt -pb VGA_Top_power_summary_routed.pb -rpx VGA_Top_power_routed.rpx
Command: report_power -file VGA_Top_power_routed.rpt -pb VGA_Top_power_summary_routed.pb -rpx VGA_Top_power_routed.rpx
Running Vector-less Activity Propagation...

Finished Running Vector-less Activity Propagation
111 Infos, 0 Warnings, 0 Critical Warnings and 0 Errors encountered.
report_power completed successfully
INFO: [Vivado 12-24828] Executing command : report_clock_utilization -file VGA_Top_clock_utilization_routed.rpt
generate_parallel_reports: Time (s): cpu = 00:00:31 ; elapsed = 00:00:08 . Memory (MB): peak = 2973.996 ; gain = 167.000 ; free physical = 1822 ; free virtual = 10235
INFO: [Timing 38-480] Writing timing data to binary archive.
Write ShapeDB Complete: Time (s): cpu = 00:00:00.06 ; elapsed = 00:00:00.02 . Memory (MB): peak = 2973.996 ; gain = 0.000 ; free physical = 1822 ; free virtual = 10235
Wrote PlaceDB: Time (s): cpu = 00:00:00.45 ; elapsed = 00:00:00.13 . Memory (MB): peak = 2973.996 ; gain = 0.000 ; free physical = 1821 ; free virtual = 10235
Wrote PulsedLatchDB: Time (s): cpu = 00:00:00 ; elapsed = 00:00:00 . Memory (MB): peak = 2973.996 ; gain = 0.000 ; free physical = 1821 ; free virtual = 10235
Writing XDEF routing.
Writing XDEF routing logical nets.
Writing XDEF routing special nets.
Wrote RouteStorage: Time (s): cpu = 00:00:00.1 ; elapsed = 00:00:00.04 . Memory (MB): peak = 2973.996 ; gain = 0.000 ; free physical = 1821 ; free virtual = 10236
Wrote Netlist Cache: Time (s): cpu = 00:00:00.01 ; elapsed = 00:00:00 . Memory (MB): peak = 2973.996 ; gain = 0.000 ; free physical = 1821 ; free virtual = 10236
Wrote Device Cache: Time (s): cpu = 00:00:00.02 ; elapsed = 00:00:00.01 . Memory (MB): peak = 2973.996 ; gain = 0.000 ; free physical = 1821 ; free virtual = 10236
Write Physdb Complete: Time (s): cpu = 00:00:00.6 ; elapsed = 00:00:00.19 . Memory (MB): peak = 2973.996 ; gain = 0.000 ; free physical = 1821 ; free virtual = 10236
INFO: [Common 17-1381] The checkpoint '/home/cax/DY_Tetris/DY_Tetris.runs/impl_1/VGA_Top_routed.dcp' has been generated.
Command: write_bitstream -force VGA_Top.bit
Attempting to get a license for feature 'Implementation' and/or device 'xc7a35t'
INFO: [Common 17-349] Got license for feature 'Implementation' and/or device 'xc7a35t'
Running DRC as a precondition to command write_bitstream
INFO: [IP_Flow 19-1839] IP Catalog is up to date.
INFO: [DRC 23-27] Running DRC with 8 threads
INFO: [Vivado 12-3199] DRC finished with 0 Errors
INFO: [Vivado 12-3200] Please refer to the DRC report (report_drc) for more information.
INFO: [Designutils 20-2272] Running write_bitstream with 8 threads.
Loading data files...
Loading site data...
Loading route data...
Processing options...
Creating bitmap...
Creating bitstream...
Writing bitstream ./VGA_Top.bit...
INFO: [Vivado 12-1842] Bitgen Completed Successfully.
INFO: [Project 1-1876] WebTalk data collection is mandatory when using a ULT device. To see the specific WebTalk data collected for your design, open the usage_statistics_webtalk.html or usage_statistics_webtalk.xml file in the implementation directory.
INFO: [Common 17-83] Releasing license: Implementation
123 Infos, 0 Warnings, 0 Critical Warnings and 0 Errors encountered.
write_bitstream completed successfully
write_bitstream: Time (s): cpu = 00:00:30 ; elapsed = 00:00:21 . Memory (MB): peak = 3212.863 ; gain = 238.867 ; free physical = 1598 ; free virtual = 10030
INFO: [Common 17-206] Exiting Vivado at Sun May 11 12:04:28 2025...
