#-----------------------------------------------------------
# Vivado v2024.2 (64-bit)
# SW Build 5239630 on Fri Nov 08 22:34:34 MST 2024
# IP Build 5239520 on Sun Nov 10 16:12:51 MST 2024
# SharedData Build 5239561 on Fri Nov 08 14:39:27 MST 2024
# Start of session at: Wed Apr 30 10:44:19 2025
# Process ID         : 9027
# Current directory  : /home/cax/DY_Tetris
# Command line       : vivado
# Log file           : /home/cax/DY_Tetris/vivado.log
# Journal file       : /home/cax/DY_Tetris/vivado.jou
# Running On         : cax-ThinkPad-T495s
# Platform           : Ubuntu
# Operating System   : Ubuntu 24.04.2 LTS
# Processor Detail   : AMD Ryzen 5 PRO 3500U w/ Radeon Vega Mobile Gfx
# CPU Frequency      : 3313.571 MHz
# CPU Physical cores : 4
# CPU Logical cores  : 8
# Host memory        : 14534 MB
# Swap memory        : 4294 MB
# Total Virtual      : 18829 MB
# Available Virtual  : 13839 MB
#-----------------------------------------------------------
start_gui
open_project /home/cax/DY_Tetris/DY_Tetris.xpr
Scanning sources...
Finished scanning sources
INFO: [IP_Flow 19-234] Refreshing IP repositories
INFO: [IP_Flow 19-1704] No user IP repositories specified
INFO: [IP_Flow 19-2313] Loaded Vivado IP repository '/tools/Xilinx/Vivado/2024.2/data/ip'.
open_project: Time (s): cpu = 00:00:15 ; elapsed = 00:00:05 . Memory (MB): peak = 7703.898 ; gain = 200.000 ; free physical = 3355 ; free virtual = 12383
update_compile_order -fileset sources_1
exit
INFO: [Common 17-206] Exiting Vivado at Wed Apr 30 12:05:58 2025...
